Converter/app/build/intermediates/manifest_merge_blame_file/debug/manifest-merger-blame-debug-report.txt
1<?xml version="1.0" encoding="utf-8"?>
2<manifest xmlns:android="http://schemas.android.com/apk/res/android"
3    package="com.mobiledev.converter"
4    android:versionCode="1"
5    android:versionName="1.0" >
6
7    <uses-sdk
8        android:minSdkVersion="15"
8-->src\main\AndroidManifest.xml
9        android:targetSdkVersion="29" />
9-->src\main\AndroidManifest.xml
10
11    <uses-permission android:name="android.permission.INTERNET" />
11-->src\main\AndroidManifest.xml:4:5-67
11-->src\main\AndroidManifest.xml:4:22-64
12
13    <application
13-->src\main\AndroidManifest.xml:5:5-22:19
14        android:allowBackup="true"
14-->src\main\AndroidManifest.xml:6:9-35
15        android:appComponentFactory="androidx.core.app.CoreComponentFactory"
15-->[androidx.core:core:1.0.1] AndroidManifest.xml:22:18-86
16        android:debuggable="true"
17        android:icon="@mipmap/ic_launcher"
17-->src\main\AndroidManifest.xml:7:9-43
18        android:label="@string/app_name"
18-->src\main\AndroidManifest.xml:8:9-41
19        android:roundIcon="@mipmap/ic_launcher_round"
19-->src\main\AndroidManifest.xml:9:9-54
20        android:supportsRtl="true"
20-->src\main\AndroidManifest.xml:10:9-35
21        android:testOnly="true"
22        android:theme="@style/AppTheme"
22-->src\main\AndroidManifest.xml:11:9-40
23        android:usesCleartextTraffic="true" >
23-->src\main\AndroidManifest.xml:5:18-53
24        <activity
24-->src\main\AndroidManifest.xml:12:9-21:20
25            android:name="com.mobiledev.converter.MainActivity"
25-->src\main\AndroidManifest.xml:13:13-41
26            android:label="@string/app_name"
26-->src\main\AndroidManifest.xml:14:13-45
27            android:theme="@style/AppTheme.NoActionBar" >
27-->src\main\AndroidManifest.xml:15:13-56
28            <intent-filter>
28-->src\main\AndroidManifest.xml:16:13-20:29
29                <action android:name="android.intent.action.MAIN" />
29-->src\main\AndroidManifest.xml:17:17-69
29-->src\main\AndroidManifest.xml:17:25-66
30
31                <category android:name="android.intent.category.LAUNCHER" />
31-->src\main\AndroidManifest.xml:19:17-77
31-->src\main\AndroidManifest.xml:19:27-74
32            </intent-filter>
33        </activity>
34    </application>
35
36</manifest>